goos: linux
goarch: amd64
pkg: github.com/gballet/go-verkle
cpu: AMD Ryzen 7 3800XT 8-Core Processor            
BenchmarkProofCalculation-16     	       1	4160889387 ns/op	2772598000 B/op	 1270273 allocs/op
BenchmarkProofCalculation-16     	       1	4156245520 ns/op	2773934560 B/op	 1270473 allocs/op
BenchmarkProofCalculation-16     	       1	4115968966 ns/op	2772359752 B/op	 1269312 allocs/op
BenchmarkProofCalculation-16     	       1	4116635264 ns/op	2772956960 B/op	 1269606 allocs/op
BenchmarkProofCalculation-16     	       1	4169845564 ns/op	2772083800 B/op	 1269296 allocs/op
BenchmarkProofVerification-16    	      42	  26118291 ns/op	  179320 B/op	     825 allocs/op
BenchmarkProofVerification-16    	      42	  26376672 ns/op	  178865 B/op	     823 allocs/op
BenchmarkProofVerification-16    	      40	  27062613 ns/op	  178936 B/op	     827 allocs/op
BenchmarkProofVerification-16    	      40	  25925174 ns/op	  178683 B/op	     817 allocs/op
BenchmarkProofVerification-16    	      39	  26333836 ns/op	  178890 B/op	     826 allocs/op
BenchmarkCommitLeaves/insert/leaves/1000-16         	       5	 201106200 ns/op	59721712 B/op	   28956 allocs/op
BenchmarkCommitLeaves/insert/leaves/1000-16         	       6	 204922734 ns/op	59721144 B/op	   28953 allocs/op
BenchmarkCommitLeaves/insert/leaves/1000-16         	       6	 204485024 ns/op	59721192 B/op	   28954 allocs/op
BenchmarkCommitLeaves/insert/leaves/1000-16         	       6	 200135004 ns/op	59721112 B/op	   28953 allocs/op
BenchmarkCommitLeaves/insert/leaves/1000-16         	       5	 202439664 ns/op	59721731 B/op	   28957 allocs/op
BenchmarkCommitLeaves/insertOrdered/leaves/1000-16  	       5	 231893735 ns/op	59732558 B/op	   31412 allocs/op
BenchmarkCommitLeaves/insertOrdered/leaves/1000-16  	       5	 224802731 ns/op	59732374 B/op	   31410 allocs/op
BenchmarkCommitLeaves/insertOrdered/leaves/1000-16  	       5	 219490086 ns/op	59732260 B/op	   31408 allocs/op
BenchmarkCommitLeaves/insertOrdered/leaves/1000-16  	       5	 222876585 ns/op	59732484 B/op	   31412 allocs/op
BenchmarkCommitLeaves/insertOrdered/leaves/1000-16  	       5	 223407517 ns/op	59732374 B/op	   31410 allocs/op
BenchmarkCommitLeaves/insert/leaves/10000-16        	       1	2310736193 ns/op	579653912 B/op	  283270 allocs/op
BenchmarkCommitLeaves/insert/leaves/10000-16        	       1	2313257871 ns/op	579646152 B/op	  283213 allocs/op
BenchmarkCommitLeaves/insert/leaves/10000-16        	       1	2240405396 ns/op	579648408 B/op	  283245 allocs/op
BenchmarkCommitLeaves/insert/leaves/10000-16        	       1	2283029120 ns/op	579647600 B/op	  283235 allocs/op
BenchmarkCommitLeaves/insert/leaves/10000-16        	       1	2326219491 ns/op	579646936 B/op	  283225 allocs/op
BenchmarkCommitLeaves/insertOrdered/leaves/10000-16 	       1	2368620830 ns/op	580015536 B/op	  309662 allocs/op
BenchmarkCommitLeaves/insertOrdered/leaves/10000-16 	       1	2368889165 ns/op	580016456 B/op	  309674 allocs/op
BenchmarkCommitLeaves/insertOrdered/leaves/10000-16 	       1	2384439320 ns/op	580017128 B/op	  309684 allocs/op
BenchmarkCommitLeaves/insertOrdered/leaves/10000-16 	       1	2359628506 ns/op	580016008 B/op	  309667 allocs/op
BenchmarkCommitLeaves/insertOrdered/leaves/10000-16 	       1	2372861626 ns/op	580016216 B/op	  309672 allocs/op
BenchmarkCommitFullNode-16                          	      36	  30412821 ns/op	14532685 B/op	    6303 allocs/op
BenchmarkCommitFullNode-16                          	      40	  30115229 ns/op	14532713 B/op	    6303 allocs/op
BenchmarkCommitFullNode-16                          	      40	  30092857 ns/op	14532724 B/op	    6303 allocs/op
BenchmarkCommitFullNode-16                          	      36	  29746575 ns/op	14532651 B/op	    6303 allocs/op
BenchmarkCommitFullNode-16                          	      39	  30009312 ns/op	14532725 B/op	    6303 allocs/op
BenchmarkModifyLeaves-16                            	       1	8186697194 ns/op	5500293200 B/op	 2611072 allocs/op
BenchmarkModifyLeaves-16                            	       1	8246012838 ns/op	5499408216 B/op	 2611329 allocs/op
BenchmarkModifyLeaves-16                            	       1	8229421403 ns/op	5498440048 B/op	 2609309 allocs/op
BenchmarkModifyLeaves-16                            	       1	8329751475 ns/op	5500365120 B/op	 2609826 allocs/op
BenchmarkModifyLeaves-16                            	       1	8159580395 ns/op	5500228384 B/op	 2610303 allocs/op
PASS
ok  	github.com/gballet/go-verkle	748.488s
?   	github.com/gballet/go-verkle/benchs	[no test files]
